Forwarding from [::1]:4111 -> 4111
Handling connection for 4111

  % Total    % Received % Xferd  Average Speed   Time    Time     Time  Current
                                 Dload  Upload   Total   Spent    Left  Speed

  0     0    0     0    0     0      0      0 --:--:-- --:--:-- --:--:--     0
100    49    0    49    0     0    218      0 --:--:-- --:--:-- --:--:--   219HTTP/1.1 200
Vary: Origin
Vary: Access-Control-Request-Method
Vary: Access-Control-Request-Headers
X-Content-Type-Options: nosniff
X-XSS-Protection: 0
Cache-Control: no-cache, no-store, max-age=0, must-revalidate
Pragma: no-cache
Expires: 0
X-Frame-Options: DENY
Content-Type: application/vnd.spring-boot.actuator.v3+json
Transfer-Encoding: chunked
Date: Wed, 29 Oct 2025 06:57:49 GMT

{"status":"UP","groups":["liveness","readiness"]}

Forwarding from [::1]:3000 -> 80
Handling connection for 3000

HTTP/1.1 200 OK
Server: nginx/1.27.5
Date: Wed, 29 Oct 2025 06:57:47 GMT
Content-Type: text/html
Content-Length: 648
Last-Modified: Tue, 03 Jun 2025 23:22:58 GMT
Connection: keep-alive
ETag: "683f83d2-288"
Accept-Ranges: bytes

<!doctype html><html lang="en"><head><meta charset="utf-8"/><link rel="icon" href="/logo_dark.png"/><meta name="viewport" content="width=device-width,initial-scale=1"/><meta name="theme-color" content="#000000"/><meta name="description" content="Web site created using create-react-app"/><link rel="apple-touch-icon" href="/logo192.png"/><link rel="manifest" href="/manifest.json"/><title>NoBugs Bank</title><script defer="defer" src="/static/js/main.95516938.js"></script><link href="/static/css/main.1bfc31d9.css" rel="stylesheet"></head><body><noscript>You need to enable JavaScript to run this app.</noscript><div id="root"></div></body></html>

Forwarding from [::1]:4444 -> 4444
Handling connection for 4444

  % Total    % Received % Xferd  Average Speed   Time    Time     Time  Current
                                 Dload  Upload   Total   Spent    Left  Speed

  0     0    0     0    0     0      0      0 --:--:-- --:--:-- --:--:--     0
100    79  100    79    0     0   7535      0 --:--:-- --:--:-- --:--:--  7900HTTP/1.1 200 OK
Content-Type: application/json
Date: Wed, 29 Oct 2025 06:57:52 GMT
Content-Length: 79

{"total":4,"used":0,"queued":0,"pending":0,"browsers":{"chrome":{"115.0":{}}}}

Forwarding from [::1]:8080 -> 8080
Handling connection for 8080
  % Total    % Received % Xferd  Average Speed   Time    Time     Time  Current
                                 Dload  Upload   Total   Spent    Left  Speed

  0     0    0     0    0     0      0      0 --:--:-- --:--:-- --:--:--     0
100  2170  100  2170    0     0   192k      0 --:--:-- --:--:-- --:--:--  211kHTTP/1.1 200 OK
Accept-Ranges: bytes
Content-Length: 2170
Content-Type: text/html; charset=utf-8
Last-Modified: Tue, 24 Sep 2024 14:53:15 GMT
Date: Wed, 29 Oct 2025 06:57:55 GMT

<!doctype html><html lang="en"><head><meta charset="utf-8"/><link rel="shortcut icon" href="/favicon.ico"/><meta name="viewport" content="width=device-width,initial-scale=1,shrink-to-fit=no"/><meta name="theme-color" content="#000000"/><link rel="manifest" href="/manifest.json"/><title>Selenoid UI</title><link href="/static/css/2.79476dca.chunk.css" rel="stylesheet"><link href="/static/css/main.cfc840a6.chunk.css" rel="stylesheet"></head><body><noscript>You need to enable JavaScript to run this app.</noscript><div id="root"></div><script>!function(e){function r(r){for(var n,i,l=r[0],f=r[1],a=r[2],c=0,s=[];c<l.length;c++)i=l[c],Object.prototype.hasOwnProperty.call(o,i)&&o[i]&&s.push(o[i][0]),o[i]=0;for(n in f)Object.prototype.hasOwnProperty.call(f,n)&&(e[n]=f[n]);for(p&&p(r);s.length;)s.shift()();return u.push.apply(u,a||[]),t()}function t(){for(var e,r=0;r<u.length;r++){for(var t=u[r],n=!0,l=1;l<t.length;l++){var f=t[l];0!==o[f]&&(n=!1)}n&&(u.splice(r--,1),e=i(i.s=t[0]))}return e}var n={},o={1:0},u=[];function i(r){if(n[r])return n[r].exports;var t=n[r]={i:r,l:!1,exports:{}};return e[r].call(t.exports,t,t.exports,i),t.l=!0,t.exports}i.m=e,i.c=n,i.d=function(e,r,t){i.o(e,r)||Object.defineProperty(e,r,{enumerable:!0,get:t})},i.r=function(e){"undefined"!=typeof Symbol&&Symbol.toStringTag&&Object.defineProperty(e,Symbol.toStringTag,{value:"Module"}),Object.defineProperty(e,"__esModule",{value:!0})},i.t=function(e,r){if(1&r&&(e=i(e)),8&r)return e;if(4&r&&"object"==typeof e&&e&&e.__esModule)return e;var t=Object.create(null);if(i.r(t),Object.defineProperty(t,"default",{enumerable:!0,value:e}),2&r&&"string"!=typeof e)for(var n in e)i.d(t,n,function(r){return e[r]}.bind(null,n));return t},i.n=function(e){var r=e&&e.__esModule?function(){return e.default}:function(){return e};return i.d(r,"a",r),r},i.o=function(e,r){return Object.prototype.hasOwnProperty.call(e,r)},i.p="/";var l=this.webpackJsonpui=this.webpackJsonpui||[],f=l.push.bind(l);l.push=r,l=l.slice();for(var a=0;a<l.length;a++)r(l[a]);var p=f;t()}([])</script><script src="/static/js/2.9d651ce7.chunk.js"></script><script src="/static/js/main.02bac58f.chunk.js"></script></body></html>
